Release 14.7 Map P.20131013 (nt64)
Xilinx Mapping Report File for Design 'Processor'

Design Information
------------------
Command Line   : map -intstyle ise -p xc3s100e-cp132-4 -cm area -ir off -pr off
-c 100 -o Processor_map.ncd Processor.ngd Processor.pcf 
Target Device  : xc3s100e
Target Package : cp132
Target Speed   : -4
Mapper Version : spartan3e -- $Revision: 1.55 $
Mapped Date    : Tue Nov 21 02:20:33 2017

Design Summary
--------------
Number of errors:      0
Number of warnings:    0
Logic Utilization:
  Number of Slice Flip Flops:            72 out of   1,920    3%
  Number of 4 input LUTs:               199 out of   1,920   10%
Logic Distribution:
  Number of occupied Slices:            107 out of     960   11%
    Number of Slices containing only related logic:     107 out of     107 100%
    Number of Slices containing unrelated logic:          0 out of     107   0%
      *See NOTES below for an explanation of the effects of unrelated logic.
  Total Number of 4 input LUTs:         199 out of   1,920   10%
  Number of bonded IOBs:                 19 out of      83   22%
  Number of BUFGMUXs:                     2 out of      24    8%

  Number of RPM macros:            9
Average Fanout of Non-Clock Nets:                3.69

Peak Memory Usage:  345 MB
Total REAL time to MAP completion:  18 secs 
Total CPU time to MAP completion:   1 secs 

NOTES:

   Related logic is defined as being logic that shares connectivity - e.g. two
   LUTs are "related" if they share common inputs.  When assembling slices,
   Map gives priority to combine logic that is related.  Doing so results in
   the best timing performance.

   Unrelated logic shares no connectivity.  Map will only begin packing
   unrelated logic into a slice once 99% of the slices are occupied through
   related logic packing.

   Note that once logic distribution reaches the 99% level through related
   logic packing, this does not mean the device is completely utilized.
   Unrelated logic packing will then begin, continuing until all usable LUTs
   and FFs are occupied.  Depending on your timing budget, increased levels of
   unrelated logic packing may adversely affect the overall timing performance
   of your design.

Table of Contents
-----------------
Section 1 - Errors
Section 2 - Warnings
Section 3 - Informational
Section 4 - Removed Logic Summary
Section 5 - Removed Logic
Section 6 - IOB Properties
Section 7 - RPMs
Section 8 - Guide Report
Section 9 - Area Group and Partition Summary
Section 10 - Timing Report
Section 11 - Configuration String Information
Section 12 - Control Set Information
Section 13 - Utilization by Hierarchy

Section 1 - Errors
------------------

Section 2 - Warnings
--------------------

Section 3 - Informational
-------------------------
INFO:MapLib:562 - No environment variables are currently set.
INFO:LIT:244 - All of the single ended outputs in this design are using slew
   rate limited output drivers. The delay on speed critical single ended outputs
   can be dramatically reduced by designating them as fast outputs.

Section 4 - Removed Logic Summary
---------------------------------
  24 block(s) removed
  26 block(s) optimized away
  19 signal(s) removed

Section 5 - Removed Logic
-------------------------

The trimmed logic report below shows the logic removed from your design due to
sourceless or loadless signals, and VCC or ground connections.  If the removal
of a signal or symbol results in the subsequent removal of an additional signal
or symbol, the message explaining that second removal will be indented.  This
indentation will be repeated as a chain of related logic is removed.

To quickly locate the original cause for the removal of a chain of logic, look
above the place where that logic is listed in the trimming report, then locate
the lines that are least indented (begin at the leftmost edge).

Loadless block "XLXI_34/XLXI_4/XLXI_3" (OR) removed.
 The signal "XLXI_34/XLXI_4/XLXN_4" is loadless and has been removed.
  Loadless block "XLXI_34/XLXI_4/XLXI_2/XLXI_2" (AND) removed.
 The signal "XLXI_34/XLXI_4/XLXN_3" is loadless and has been removed.
  Loadless block "XLXI_34/XLXI_4/XLXI_1/XLXI_2" (AND) removed.
Loadless block "XLXI_35/XLXI_4/XLXI_3" (OR) removed.
 The signal "XLXI_35/XLXI_4/XLXN_4" is loadless and has been removed.
  Loadless block "XLXI_35/XLXI_4/XLXI_2/XLXI_2" (AND) removed.
 The signal "XLXI_35/XLXI_4/XLXN_3" is loadless and has been removed.
  Loadless block "XLXI_35/XLXI_4/XLXI_1/XLXI_2" (AND) removed.
Loadless block "XLXI_36/XLXI_4/XLXI_3" (OR) removed.
 The signal "XLXI_36/XLXI_4/XLXN_4" is loadless and has been removed.
  Loadless block "XLXI_36/XLXI_4/XLXI_2/XLXI_2" (AND) removed.
 The signal "XLXI_36/XLXI_4/XLXN_3" is loadless and has been removed.
  Loadless block "XLXI_36/XLXI_4/XLXI_1/XLXI_2" (AND) removed.
Loadless block "XLXI_37/XLXI_4/XLXI_3" (OR) removed.
 The signal "XLXI_37/XLXI_4/XLXN_4" is loadless and has been removed.
  Loadless block "XLXI_37/XLXI_4/XLXI_2/XLXI_2" (AND) removed.
 The signal "XLXI_37/XLXI_4/XLXN_3" is loadless and has been removed.
  Loadless block "XLXI_37/XLXI_4/XLXI_1/XLXI_2" (AND) removed.
Loadless block "XLXI_38/XLXI_4/XLXI_3" (OR) removed.
 The signal "XLXI_38/XLXI_4/XLXN_4" is loadless and has been removed.
  Loadless block "XLXI_38/XLXI_4/XLXI_2/XLXI_2" (AND) removed.
 The signal "XLXI_38/XLXI_4/XLXN_3" is loadless and has been removed.
  Loadless block "XLXI_38/XLXI_4/XLXI_1/XLXI_2" (AND) removed.
The signal "XLXI_10/XLXI_4/dummy" is sourceless and has been removed.
The signal "XLXI_22/XLXI_4/XLXI_13/dummy" is sourceless and has been removed.
The signal "XLXI_22/XLXI_3/XLXI_13/dummy" is sourceless and has been removed.
The signal "XLXI_22/XLXI_2/XLXI_13/dummy" is sourceless and has been removed.
The signal "XLXI_22/XLXI_1/XLXI_13/dummy" is sourceless and has been removed.
The signal "XLXI_23/XLXI_4/XLXI_13/dummy" is sourceless and has been removed.
The signal "XLXI_23/XLXI_3/XLXI_13/dummy" is sourceless and has been removed.
The signal "XLXI_23/XLXI_2/XLXI_13/dummy" is sourceless and has been removed.
The signal "XLXI_23/XLXI_1/XLXI_13/dummy" is sourceless and has been removed.
Unused block "XLXI_10/XLXI_4/XST_GND" (ZERO) removed.
Unused block "XLXI_22/XLXI_1/XLXI_13/XST_GND" (ZERO) removed.
Unused block "XLXI_22/XLXI_2/XLXI_13/XST_GND" (ZERO) removed.
Unused block "XLXI_22/XLXI_3/XLXI_13/XST_GND" (ZERO) removed.
Unused block "XLXI_22/XLXI_4/XLXI_13/XST_GND" (ZERO) removed.
Unused block "XLXI_23/XLXI_1/XLXI_13/XST_GND" (ZERO) removed.
Unused block "XLXI_23/XLXI_2/XLXI_13/XST_GND" (ZERO) removed.
Unused block "XLXI_23/XLXI_3/XLXI_13/XST_GND" (ZERO) removed.
Unused block "XLXI_23/XLXI_4/XLXI_13/XST_GND" (ZERO) removed.

Optimized Block(s):
TYPE 		BLOCK
AND2 		XLXI_1/XLXI_1/XLXI_13/XLXI_2
AND2 		XLXI_1/XLXI_1/XLXI_14/XLXI_2
AND2 		XLXI_1/XLXI_1/XLXI_15/XLXI_2
AND2 		XLXI_1/XLXI_1/XLXI_16/XLXI_2
VCC 		XLXI_20/XLXI_20
GND 		XLXI_20/XLXI_21
AND2 		XLXI_20/XLXI_5/XLXI_1/XLXI_2
AND2 		XLXI_20/XLXI_6/XLXI_1/XLXI_2
INV 		XLXI_25
INV 		XLXI_26
INV 		XLXI_27
AND2 		XLXI_34/XLXI_1/XLXI_1/XLXI_2
AND2 		XLXI_34/XLXI_2/XLXI_1/XLXI_2
AND2 		XLXI_34/XLXI_3/XLXI_1/XLXI_2
AND2 		XLXI_35/XLXI_1/XLXI_1/XLXI_2
AND2 		XLXI_35/XLXI_2/XLXI_1/XLXI_2
AND2 		XLXI_35/XLXI_3/XLXI_1/XLXI_2
AND2 		XLXI_36/XLXI_1/XLXI_1/XLXI_2
AND2 		XLXI_36/XLXI_2/XLXI_1/XLXI_2
AND2 		XLXI_36/XLXI_3/XLXI_1/XLXI_2
AND2 		XLXI_37/XLXI_1/XLXI_1/XLXI_2
AND2 		XLXI_37/XLXI_2/XLXI_1/XLXI_2
AND2 		XLXI_37/XLXI_3/XLXI_1/XLXI_2
AND2 		XLXI_38/XLXI_1/XLXI_1/XLXI_2
AND2 		XLXI_38/XLXI_2/XLXI_1/XLXI_2
AND2 		XLXI_38/XLXI_3/XLXI_1/XLXI_2

To enable printing of redundant blocks removed and signals merged, set the
detailed map report option and rerun map.

Section 6 - IOB Properties
--------------------------

+---------------------------------------------------------------------------------------------------------------------------------------------------------+
| IOB Name                           | Type             | Direction | IO Standard          | Diff  | Drive    | Slew | Reg (s)      | Resistor | IOB      |
|                                    |                  |           |                      | Term  | Strength | Rate |              |          | Delay    |
+---------------------------------------------------------------------------------------------------------------------------------------------------------+
| A                                  | IOB              | OUTPUT    | LVCMOS25             |       | 12       | SLOW |              |          | 0 / 0    |
| B                                  | IOB              | OUTPUT    | LVCMOS25             |       | 12       | SLOW |              |          | 0 / 0    |
| C                                  | IOB              | OUTPUT    | LVCMOS25             |       | 12       | SLOW |              |          | 0 / 0    |
| CLK                                | IBUF             | INPUT     | LVCMOS25             |       |          |      |              |          | 0 / 0    |
| CLR                                | IBUF             | INPUT     | LVCMOS25             |       |          |      |              |          | 0 / 0    |
| Cout                               | IOB              | OUTPUT    | LVCMOS25             |       | 12       | SLOW |              |          | 0 / 0    |
| D                                  | IOB              | OUTPUT    | LVCMOS25             |       | 12       | SLOW |              |          | 0 / 0    |
| E                                  | IOB              | OUTPUT    | LVCMOS25             |       | 12       | SLOW |              |          | 0 / 0    |
| F                                  | IOB              | OUTPUT    | LVCMOS25             |       | 12       | SLOW |              |          | 0 / 0    |
| G                                  | IOB              | OUTPUT    | LVCMOS25             |       | 12       | SLOW |              |          | 0 / 0    |
| R4<0>                              | IOB              | OUTPUT    | LVCMOS25             |       | 12       | SLOW |              |          | 0 / 0    |
| R4<1>                              | IOB              | OUTPUT    | LVCMOS25             |       | 12       | SLOW |              |          | 0 / 0    |
| R4<2>                              | IOB              | OUTPUT    | LVCMOS25             |       | 12       | SLOW |              |          | 0 / 0    |
| R4<3>                              | IOB              | OUTPUT    | LVCMOS25             |       | 12       | SLOW |              |          | 0 / 0    |
| Seg1                               | IOB              | OUTPUT    | LVCMOS25             |       | 12       | SLOW |              |          | 0 / 0    |
| Seg2                               | IOB              | OUTPUT    | LVCMOS25             |       | 12       | SLOW |              |          | 0 / 0    |
| Seg3                               | IOB              | OUTPUT    | LVCMOS25             |       | 12       | SLOW |              |          | 0 / 0    |
| Seg4                               | IOB              | OUTPUT    | LVCMOS25             |       | 12       | SLOW |              |          | 0 / 0    |
| Zero                               | IOB              | OUTPUT    | LVCMOS25             |       | 12       | SLOW |              |          | 0 / 0    |
+---------------------------------------------------------------------------------------------------------------------------------------------------------+

Section 7 - RPMs
----------------
XLXI_10_XLXI_4_8                        
XLXI_22/XLXI_1_XLXI_13_6                
XLXI_22/XLXI_2_XLXI_13_6                
XLXI_22/XLXI_3_XLXI_13_6                
XLXI_22/XLXI_4_XLXI_13_6                
XLXI_23/XLXI_1_XLXI_13_6                
XLXI_23/XLXI_2_XLXI_13_6                
XLXI_23/XLXI_3_XLXI_13_6                
XLXI_23/XLXI_4_XLXI_13_6                

Section 8 - Guide Report
------------------------
Guide not run on this design.

Section 9 - Area Group and Partition Summary
--------------------------------------------

Partition Implementation Status
-------------------------------

  No Partitions were found in this design.

-------------------------------

Area Group Information
----------------------

  No area groups were found in this design.

----------------------

Section 10 - Timing Report
--------------------------
This design was not run using timing mode.

Section 11 - Configuration String Details
-----------------------------------------
Use the "-detail" map option to print out Configuration Strings

Section 12 - Control Set Information
------------------------------------
No control set information for this architecture.

Section 13 - Utilization by Hierarchy
-------------------------------------
Use the "-detail" map option to print out the Utilization by Hierarchy section.
