Command line:
   HA_HA_sch_tb_isim_beh.exe
     -simmode  gui
     -simrunnum  0
     -socket  49749

Thu Sep 07 14:31:52 2017


 Elaboration Time: 0.0312 sec

 Current Memory Usage: 666.62 Meg

 Total Signals          : 39
 Total Nets             : 29
 Total Signal Drivers   : 4
 Total Blocks           : 7
 Total Primitive Blocks : 5
 Total Processes        : 3
 Total Traceable Variables  : 13
 Total Scalar Nets and Variables : 512
Total Line Count : 11

 Total Simulation Time: 0.0624 sec

 Current Memory Usage: 666.62 Meg

Thu Sep 07 14:32:08 2017

