Command line:
   AU_AU_sch_tb_isim_beh.exe
     -simmode  gui
     -simrunnum  0
     -socket  49857

Thu Oct 26 16:01:08 2017


 Elaboration Time: 0.0312 sec

 Current Memory Usage: 667.599 Meg

 Total Signals          : 277
 Total Nets             : 78
 Total Signal Drivers   : 53
 Total Blocks           : 54
 Total Primitive Blocks : 37
 Total Processes        : 48
 Total Traceable Variables  : 21
 Total Scalar Nets and Variables : 569
Total Line Count : 76

 Total Simulation Time: 0.0468 sec

 Current Memory Usage: 982.172 Meg

Thu Oct 26 16:01:44 2017

