Running: C:\Xilinx_14.7\14.7\ISE_DS\ISE\bin\nt64\unwrapped\fuse.exe -intstyle ise -incremental -lib unisims_ver -lib unimacro_ver -lib xilinxcorelib_ver -o E:/Semister_2/150648N Semi_2/Computer Architecture/Practicals/Lab7/Lab7/LUT_LUT_sch_tb_isim_beh.exe -prj E:/Semister_2/150648N Semi_2/Computer Architecture/Practicals/Lab7/Lab7/LUT_LUT_sch_tb_beh.prj work.LUT_LUT_sch_tb work.glbl 
ISim P.20131013 (signature 0x7708f090)
Number of CPUs detected in this system: 4
Turning on mult-threading, number of parallel sub-compilation jobs: 8 
Determining compilation order of HDL files
Analyzing Verilog file "E:/Semister_2/150648N Semi_2/Computer Architecture/Practicals/Lab7/Lab7/LUT.vf" into library work
Analyzing Verilog file "C:/Xilinx_14.7/14.7/ISE_DS/ISE//verilog/src/glbl.v" into library work
Parsing VHDL file "E:/Semister_2/150648N Semi_2/Computer Architecture/Practicals/Lab7/Lab7/LUT_TB.vhd" into library work
Starting static elaboration
Completed static elaboration
Compiling module glbl
Compiling module ROM16X1(INIT=16'b010100000010010...
Compiling module LUT
Compiling package standard
Compiling package std_logic_1164
Compiling package numeric_std
Compiling package vcomponents
Compiling package vl_types
Compiling architecture behavioral of entity lut_lut_sch_tb
Time Resolution for simulation is 1ps.
Waiting for 1 sub-compilation(s) to finish...
WARNING:Simulator - Unable to copy libPortabilityNOSH.dll to the simulation executable directory: boost::filesystem::copy_file: The system cannot find the path specified, "isim\LUT_LUT_sch_tb_isim_beh.exe.sim\libPortability.dll".
Compiled 6 VHDL Units
Compiled 9 Verilog Units
Built simulation executable E:/Semister_2/150648N Semi_2/Computer Architecture/Practicals/Lab7/Lab7/LUT_LUT_sch_tb_isim_beh.exe
Fuse Memory Usage: 51488 KB
Fuse CPU Usage: 624 ms
