Running: C:\Xilinx\14.7\ISE_DS\ISE\bin\nt64\unwrapped\fuse.exe -intstyle ise -incremental -o C:/Users/160544C/Documents/WorkSpace/Lab_4/Mux_to_1_Mux_to_1_sch_tb_isim_beh.exe -prj C:/Users/160544C/Documents/WorkSpace/Lab_4/Mux_to_1_Mux_to_1_sch_tb_beh.prj work.Mux_to_1_Mux_to_1_sch_tb 
ISim P.20131013 (signature 0x7708f090)
Number of CPUs detected in this system: 4
Turning on mult-threading, number of parallel sub-compilation jobs: 8 
Determining compilation order of HDL files
Parsing VHDL file "C:/Users/160544C/Documents/WorkSpace/Lab_4/Decoder_2_to_4.vhf" into library work
Parsing VHDL file "C:/Users/160544C/Documents/WorkSpace/Lab_4/Decoder_3_8.vhf" into library work
Parsing VHDL file "C:/Users/160544C/Documents/WorkSpace/Lab_4/Mux_to_1.vhf" into library work
Parsing VHDL file "C:/Users/160544C/Documents/WorkSpace/Lab_4/TB_Mux_8_to_1.vhd" into library work
Starting static elaboration
Completed static elaboration
Compiling package standard
Compiling package std_logic_1164
Compiling package numeric_std
Compiling package vcomponents
Compiling architecture and3_v of entity AND3 [and3_default]
Compiling architecture inv_v of entity INV [inv_default]
Compiling architecture behavioral of entity Decoder_2_to_4_MUSER_Mux_to_1 [decoder_2_to_4_muser_mux_to_1_de...]
Compiling architecture and2_v of entity AND2 [and2_default]
Compiling architecture behavioral of entity Decoder_3_8_MUSER_Mux_to_1 [decoder_3_8_muser_mux_to_1_defau...]
Compiling architecture fmap_v of entity FMAP [fmap_default]
Compiling architecture or2_v of entity OR2 [or2_default]
Compiling architecture or4_v of entity OR4 [or4_default]
Compiling architecture behavioral of entity OR8_MXILINX_Mux_to_1 [or8_mxilinx_mux_to_1_default]
Compiling architecture behavioral of entity Mux_to_1 [mux_to_1_default]
Compiling architecture behavioral of entity mux_to_1_mux_to_1_sch_tb
Time Resolution for simulation is 1ps.
Waiting for 7 sub-compilation(s) to finish...
Compiled 25 VHDL Units
Built simulation executable C:/Users/160544C/Documents/WorkSpace/Lab_4/Mux_to_1_Mux_to_1_sch_tb_isim_beh.exe
Fuse Memory Usage: 46888 KB
Fuse CPU Usage: 670 ms
